<?xml version="1.0" encoding="UTF-8"?>
<testng-results skipped="0" failed="0" ignored="0" total="1" passed="1">
  <reporter-output>
  </reporter-output>
  <suite name="Default suite" duration-ms="6236" started-at="2022-12-10T10:41:58Z" finished-at="2022-12-10T10:42:05Z">
    <groups>
    </groups>
    <test name="Default test" duration-ms="6236" started-at="2022-12-10T10:41:58Z" finished-at="2022-12-10T10:42:05Z">
      <class name="org.text_box_html.TextBox">
        <test-method status="PASS" signature="beforeclass()[pri:0, instance:org.text_box_html.TextBox@4f7d0008]" name="beforeclass" is-config="true" duration-ms="1946" started-at="2022-12-10T10:41:58Z" finished-at="2022-12-10T10:42:00Z">
          <reporter-output>
          </reporter-output>
        </test-method> <!-- beforeclass -->
        <test-method status="PASS" signature="text()[pri:0, instance:org.text_box_html.TextBox@4f7d0008]" name="text" duration-ms="4223" started-at="2022-12-10T10:42:00Z" finished-at="2022-12-10T10:42:05Z">
          <reporter-output>
          </reporter-output>
        </test-method> <!-- text -->
      </class> <!-- org.text_box_html.TextBox -->
    </test> <!-- Default test -->
  </suite> <!-- Default suite -->
</testng-results>
